<?xml version="1.0" encoding="UTF-8"?>
<testsuite xmlns:xsi="http://www.w3.org/2001/XMLSchema-instance" xsi:noNamespaceSchemaLocation="https://maven.apache.org/surefire/maven-surefire-plugin/xsd/surefire-test-report.xsd" version="3.0.2" name="com.springmicroservices.configserver.ConfigserverApplicationTests" time="3.255" tests="1" errors="0" skipped="0" failures="0">
  <properties>
[...]
</properties>
  <testcase name="contextLoads" classname="com.springmicroservices.configserver.ConfigserverApplicationTests" time="0.418">
    <system-out><![CDATA[09:53:42.425 [main] INFO org.springframework.test.context.support.AnnotationConfigContextLoaderUtils -- Could not detect default configuration classes for test class [com.springmicroservices.configserver.ConfigserverApplicationTests]: ConfigserverApplicationTests does not declare any static, non-private, non-final, nested classes annotated with @Configuration.
09:53:42.493 [main] INFO org.springframework.boot.test.context.SpringBootTestContextBootstrapper -- Found @SpringBootConfiguration com.springmicroservices.configserver.ConfigserverApplication for test class com.springmicroservices.configserver.ConfigserverApplicationTests

  .   ____          _            __ _ _
 /\\ / ___'_ __ _ _(_)_ __  __ _ \ \ \ \
( ( )\___ | '_ | '_| | '_ \/ _` | \ \ \ \
 \\/  ___)| |_)| | | | | || (_| |  ) ) ) )
  '  |____| .__|_| |_|_| |_\__, | / / / /
 =========|_|==============|___/=/_/_/_/

 :: Spring Boot ::                (v3.5.7)

2025-11-03T09:53:42.895+01:00  INFO 5988 --- [configserver] [           main] c.s.c.ConfigserverApplicationTests       : Starting ConfigserverApplicationTests using Java 24.0.1 with PID 5988 (started by ruma in /Users/ruma/Library/Mobile Documents/com~apple~CloudDocs/Sites/Coding/Spring Boot/Lessons/spring-microservices/configserver)
2025-11-03T09:53:42.896+01:00  INFO 5988 --- [configserver] [           main] c.s.c.ConfigserverApplicationTests       : The following 1 profile is active: "git"
2025-11-03T09:53:43.368+01:00  INFO 5988 --- [configserver] [           main] o.s.cloud.context.scope.GenericScope     : BeanFactory id=f6ea1474-73fe-3599-80a5-a7ca55ea6efe
2025-11-03T09:53:45.097+01:00  INFO 5988 --- [configserver] [           main] o.s.b.a.e.web.EndpointLinksResolver      : Exposing 1 endpoint beneath base path '/actuator'
2025-11-03T09:53:45.130+01:00  INFO 5988 --- [configserver] [           main] c.s.c.ConfigserverApplicationTests       : Started ConfigserverApplicationTests in 2.433 seconds (process running for 3.103)
]]></system-out>
    <system-err><![CDATA[Mockito is currently self-attaching to enable the inline-mock-maker. This will no longer work in future releases of the JDK. Please add Mockito as an agent to your build as described in Mockito's documentation: https://javadoc.io/doc/org.mockito/mockito-core/latest/org.mockito/org/mockito/Mockito.html#0.3
WARNING: A Java agent has been loaded dynamically (/Users/ruma/.m2/repository/net/bytebuddy/byte-buddy-agent/1.17.8/byte-buddy-agent-1.17.8.jar)
WARNING: If a serviceability tool is in use, please run with -XX:+EnableDynamicAgentLoading to hide this warning
WARNING: If a serviceability tool is not in use, please run with -Djdk.instrument.traceUsage for more information
WARNING: Dynamic loading of agents will be disallowed by default in a future release
]]></system-err>
  </testcase>
</testsuite>